<?xml version="1.0" encoding="utf-8"?><testsuites name="pytest tests"><testsuite name="pytest" errors="0" failures="0" skipped="0" tests="55" time="5.817" timestamp="2026-05-22T07:25:08.554879+00:00" hostname="agent-env-66e56f36-5f35-4480-8922-66604315cff6"><testcase classname="backend.tests.test_ulpgl_backend.TestHealth" name="test_health" time="0.203" /><testcase classname="backend.tests.test_ulpgl_backend.TestAuth" name="test_login_admin" time="0.174" /><testcase classname="backend.tests.test_ulpgl_backend.TestAuth" name="test_login_publisher" time="0.121" /><testcase classname="backend.tests.test_ulpgl_backend.TestAuth" name="test_login_invalid" time="0.119" /><testcase classname="backend.tests.test_ulpgl_backend.TestAuth" name="test_login_missing_fields" time="0.044" /><testcase classname="backend.tests.test_ulpgl_backend.TestAuth" name="test_me_with_token" time="0.166" /><testcase classname="backend.tests.test_ulpgl_backend.TestAuth" name="test_me_without_token" time="0.047" /><testcase classname="backend.tests.test_ulpgl_backend.TestFaculties" name="test_list_faculties" time="0.046" /><testcase classname="backend.tests.test_ulpgl_backend.TestFaculties" name="test_faculty_detail" time="0.095" /><testcase classname="backend.tests.test_ulpgl_backend.TestFaculties" name="test_faculty_not_found" time="0.046" /><testcase classname="backend.tests.test_ulpgl_backend.TestContents" name="test_list_contents_published" time="0.056" /><testcase classname="backend.tests.test_ulpgl_backend.TestContents" name="test_filter_contents_by_type" time="0.051" /><testcase classname="backend.tests.test_ulpgl_backend.TestContents" name="test_publisher_creates_pending" time="0.190" /><testcase classname="backend.tests.test_ulpgl_backend.TestContents" name="test_admin_creates_published" time="0.104" /><testcase classname="backend.tests.test_ulpgl_backend.TestContents" name="test_approve_workflow" time="0.094" /><testcase classname="backend.tests.test_ulpgl_backend.TestContents" name="test_reject_workflow" time="0.099" /><testcase classname="backend.tests.test_ulpgl_backend.TestContents" name="test_publisher_cannot_approve" time="0.102" /><testcase classname="backend.tests.test_ulpgl_backend.TestSearch" name="test_search_basic" time="0.055" /><testcase classname="backend.tests.test_ulpgl_backend.TestSearch" name="test_search_empty" time="0.046" /><testcase classname="backend.tests.test_ulpgl_backend.TestSearch" name="test_search_faculty_term" time="0.047" /><testcase classname="backend.tests.test_ulpgl_backend.TestNewsletter" name="test_subscribe" time="0.095" /><testcase classname="backend.tests.test_ulpgl_backend.TestNewsletter" name="test_subscribe_invalid_email" time="0.043" /><testcase classname="backend.tests.test_ulpgl_backend.TestNewsletter" name="test_subscribe_duplicate" time="0.095" /><testcase classname="backend.tests.test_ulpgl_backend.TestContact" name="test_contact_create" time="0.099" /><testcase classname="backend.tests.test_ulpgl_backend.TestContact" name="test_contact_missing_fields" time="0.050" /><testcase classname="backend.tests.test_ulpgl_backend.TestDashboard" name="test_stats_admin" time="0.058" /><testcase classname="backend.tests.test_ulpgl_backend.TestDashboard" name="test_stats_publisher" time="0.049" /><testcase classname="backend.tests.test_ulpgl_backend.TestDashboard" name="test_stats_unauthorized" time="0.043" /><testcase classname="backend.tests.test_ulpgl_backend.TestUsers" name="test_list_users_admin" time="0.045" /><testcase classname="backend.tests.test_ulpgl_backend.TestUsers" name="test_list_users_publisher_forbidden" time="0.046" /><testcase classname="backend.tests.test_ulpgl_backend.TestCloudinary" name="test_config_admin" time="0.047" /><testcase classname="backend.tests.test_ulpgl_backend.TestCloudinary" name="test_config_requires_auth" time="0.043" /><testcase classname="backend.tests.test_ulpgl_backend.TestCloudinary" name="test_signature_returns_503_when_not_configured" time="0.045" /><testcase classname="backend.tests.test_ulpgl_backend.TestCloudinary" name="test_signature_requires_auth" time="0.042" /><testcase classname="backend.tests.test_ulpgl_backend.TestRegister" name="test_register_publisher_as_admin" time="0.319" /><testcase classname="backend.tests.test_ulpgl_backend.TestRegister" name="test_register_forbidden_for_publisher" time="0.049" /><testcase classname="backend.tests.test_ulpgl_backend.TestRegister" name="test_register_requires_auth" time="0.043" /><testcase classname="backend.tests.test_ulpgl_backend.TestRegister" name="test_register_duplicate_email" time="0.232" /><testcase classname="backend.tests.test_ulpgl_backend.TestRegister" name="test_register_missing_fields" time="0.053" /><testcase classname="backend.tests.test_ulpgl_backend.TestPasswordReset" name="test_forgot_password_valid_email_returns_devlink" time="0.046" /><testcase classname="backend.tests.test_ulpgl_backend.TestPasswordReset" name="test_forgot_password_unknown_email_no_leak" time="0.043" /><testcase classname="backend.tests.test_ulpgl_backend.TestPasswordReset" name="test_forgot_password_missing_email" time="0.043" /><testcase classname="backend.tests.test_ulpgl_backend.TestPasswordReset" name="test_reset_password_full_flow" time="0.729" /><testcase classname="backend.tests.test_ulpgl_backend.TestPasswordReset" name="test_reset_password_invalid_token" time="0.045" /><testcase classname="backend.tests.test_ulpgl_backend.TestPasswordReset" name="test_reset_password_too_short" time="0.043" /><testcase classname="backend.tests.test_ulpgl_backend.TestSchedules" name="test_public_list_published_only" time="0.045" /><testcase classname="backend.tests.test_ulpgl_backend.TestSchedules" name="test_admin_creates_published" time="0.141" /><testcase classname="backend.tests.test_ulpgl_backend.TestSchedules" name="test_publisher_creates_pending" time="0.093" /><testcase classname="backend.tests.test_ulpgl_backend.TestSchedules" name="test_approve_workflow" time="0.145" /><testcase classname="backend.tests.test_ulpgl_backend.TestSchedules" name="test_reject_workflow" time="0.135" /><testcase classname="backend.tests.test_ulpgl_backend.TestSchedules" name="test_filter_by_type_and_promotion" time="0.186" /><testcase classname="backend.tests.test_ulpgl_backend.TestSchedules" name="test_publisher_cannot_approve" time="0.137" /><testcase classname="backend.tests.test_ulpgl_backend.TestSchedules" name="test_create_requires_auth" time="0.047" /><testcase classname="backend.tests.test_ulpgl_backend.TestSchedules" name="test_create_invalid_type" time="0.093" /><testcase classname="backend.tests.test_ulpgl_backend.TestDashboardSchedules" name="test_stats_include_schedule_counts" time="0.046" /></testsuite></testsuites>