<?xml version="1.0" encoding="utf-8"?><testsuites name="pytest tests"><testsuite name="pytest" errors="0" failures="0" skipped="0" tests="39" time="3.817" timestamp="2026-05-21T19:32:06.107266+00:00" hostname="agent-env-66e56f36-5f35-4480-8922-66604315cff6"><testcase classname="backend.tests.test_ulpgl_backend.TestHealth" name="test_health" time="0.292" /><testcase classname="backend.tests.test_ulpgl_backend.TestAuth" name="test_login_admin" time="0.130" /><testcase classname="backend.tests.test_ulpgl_backend.TestAuth" name="test_login_publisher" time="0.134" /><testcase classname="backend.tests.test_ulpgl_backend.TestAuth" name="test_login_invalid" time="0.124" /><testcase classname="backend.tests.test_ulpgl_backend.TestAuth" name="test_login_missing_fields" time="0.047" /><testcase classname="backend.tests.test_ulpgl_backend.TestAuth" name="test_me_with_token" time="0.208" /><testcase classname="backend.tests.test_ulpgl_backend.TestAuth" name="test_me_without_token" time="0.078" /><testcase classname="backend.tests.test_ulpgl_backend.TestFaculties" name="test_list_faculties" time="0.054" /><testcase classname="backend.tests.test_ulpgl_backend.TestFaculties" name="test_faculty_detail" time="0.100" /><testcase classname="backend.tests.test_ulpgl_backend.TestFaculties" name="test_faculty_not_found" time="0.052" /><testcase classname="backend.tests.test_ulpgl_backend.TestContents" name="test_list_contents_published" time="0.051" /><testcase classname="backend.tests.test_ulpgl_backend.TestContents" name="test_filter_contents_by_type" time="0.057" /><testcase classname="backend.tests.test_ulpgl_backend.TestContents" name="test_publisher_creates_pending" time="0.210" /><testcase classname="backend.tests.test_ulpgl_backend.TestContents" name="test_admin_creates_published" time="0.111" /><testcase classname="backend.tests.test_ulpgl_backend.TestContents" name="test_approve_workflow" time="0.109" /><testcase classname="backend.tests.test_ulpgl_backend.TestContents" name="test_reject_workflow" time="0.108" /><testcase classname="backend.tests.test_ulpgl_backend.TestContents" name="test_publisher_cannot_approve" time="0.120" /><testcase classname="backend.tests.test_ulpgl_backend.TestSearch" name="test_search_basic" time="0.054" /><testcase classname="backend.tests.test_ulpgl_backend.TestSearch" name="test_search_empty" time="0.051" /><testcase classname="backend.tests.test_ulpgl_backend.TestSearch" name="test_search_faculty_term" time="0.049" /><testcase classname="backend.tests.test_ulpgl_backend.TestNewsletter" name="test_subscribe" time="0.105" /><testcase classname="backend.tests.test_ulpgl_backend.TestNewsletter" name="test_subscribe_invalid_email" time="0.046" /><testcase classname="backend.tests.test_ulpgl_backend.TestNewsletter" name="test_subscribe_duplicate" time="0.104" /><testcase classname="backend.tests.test_ulpgl_backend.TestContact" name="test_contact_create" time="0.100" /><testcase classname="backend.tests.test_ulpgl_backend.TestContact" name="test_contact_missing_fields" time="0.046" /><testcase classname="backend.tests.test_ulpgl_backend.TestDashboard" name="test_stats_admin" time="0.060" /><testcase classname="backend.tests.test_ulpgl_backend.TestDashboard" name="test_stats_publisher" time="0.054" /><testcase classname="backend.tests.test_ulpgl_backend.TestDashboard" name="test_stats_unauthorized" time="0.047" /><testcase classname="backend.tests.test_ulpgl_backend.TestUsers" name="test_list_users_admin" time="0.055" /><testcase classname="backend.tests.test_ulpgl_backend.TestUsers" name="test_list_users_publisher_forbidden" time="0.049" /><testcase classname="backend.tests.test_ulpgl_backend.TestCloudinary" name="test_config_admin" time="0.049" /><testcase classname="backend.tests.test_ulpgl_backend.TestCloudinary" name="test_config_requires_auth" time="0.050" /><testcase classname="backend.tests.test_ulpgl_backend.TestCloudinary" name="test_signature_returns_503_when_not_configured" time="0.053" /><testcase classname="backend.tests.test_ulpgl_backend.TestCloudinary" name="test_signature_requires_auth" time="0.050" /><testcase classname="backend.tests.test_ulpgl_backend.TestRegister" name="test_register_publisher_as_admin" time="0.298" /><testcase classname="backend.tests.test_ulpgl_backend.TestRegister" name="test_register_forbidden_for_publisher" time="0.050" /><testcase classname="backend.tests.test_ulpgl_backend.TestRegister" name="test_register_requires_auth" time="0.048" /><testcase classname="backend.tests.test_ulpgl_backend.TestRegister" name="test_register_duplicate_email" time="0.247" /><testcase classname="backend.tests.test_ulpgl_backend.TestRegister" name="test_register_missing_fields" time="0.047" /></testsuite></testsuites>